Using pre-set license
Built from '2020.3/release' branch; Version is '2020.3.7f1 (dd97f2c94397) revision 14522354'; Using compiler version '192528614'; Build Type 'Release'
OS: 'Windows 10 Pro; OS build 19043.1706; Version 2009; 64bit' Language: 'ru' Physical Memory: 7874 MB
BatchMode: 1, IsHumanControllingUs: 0, StartBugReporterOnCrash: 0, Is64bit: 1, IsPro: 0

 COMMAND LINE ARGUMENTS:
E:\UnityHubVersions\2020.3.7f1\Editor\Unity.exe
-adb2
-batchMode
-noUpm
-name
AssetImportWorker0
-projectPath
C:/Users/Илья/Documents/GitHub/PGIZ_kyrsach
-logFile
Logs/AssetImportWorker0.log
-srvPort
54233
Successfully changed project path to: C:/Users/Илья/Documents/GitHub/PGIZ_kyrsach
C:/Users/Илья/Documents/GitHub/PGIZ_kyrsach
Using Asset Import Pipeline V2.
Refreshing native plugins compatible for Editor in 33.84 ms, found 0 plugins.
Preloading 0 native plugins for Editor in 0.00 ms.
Initialize engine version: 2020.3.7f1 (dd97f2c94397)
[Subsystems] Discovering subsystems at path E:/UnityHubVersions/2020.3.7f1/Editor/Data/Resources/UnitySubsystems
[Subsystems] Discovering subsystems at path C:/Users/Илья/Documents/GitHub/PGIZ_kyrsach/Assets
GfxDevice: creating device client; threaded=0
Direct3D:
    Version:  Direct3D 11.0 [level 11.1]
    Renderer: Radeon RX 560X (ID=0x67ef)
    Vendor:   
    VRAM:     4074 MB
    Driver:   30.0.15021.11005
Initialize mono
Mono path[0] = 'E:/UnityHubVersions/2020.3.7f1/Editor/Data/Managed'
Mono path[1] = 'E:/UnityHubVersions/2020.3.7f1/Editor/Data/MonoBleedingEdge/lib/mono/unityjit'
Mono config path = 'E:/UnityHubVersions/2020.3.7f1/Editor/Data/MonoBleedingEdge/etc'
Using monoOptions --debugger-agent=transport=dt_socket,embedding=1,server=y,suspend=n,address=127.0.0.1:56840
Begin MonoManager ReloadAssembly
Registering precompiled unity dll's ...
Register platform support module: E:/UnityHubVersions/2020.3.7f1/Editor/Data/PlaybackEngines/WindowsStandaloneSupport/UnityEditor.WindowsStandalone.Extensions.dll
Registered in 0.001286 seconds.
Native extension for WindowsStandalone target not found
Refreshing native plugins compatible for Editor in 39.37 ms, found 0 plugins.
Preloading 0 native plugins for Editor in 0.00 ms.
Mono: successfully reloaded assembly
- Completed reload, in  2.007 seconds
Platform modules already initialized, skipping
Registering precompiled user dll's ...
Registered in 0.001090 seconds.
Begin MonoManager ReloadAssembly
Native extension for WindowsStandalone target not found
Refreshing native plugins compatible for Editor in 0.34 ms, found 0 plugins.
Preloading 0 native plugins for Editor in 0.00 ms.
Mono: successfully reloaded assembly
- Completed reload, in  1.121 seconds
Platform modules already initialized, skipping
========================================================================
Worker process is ready to serve import requests
Launched and connected shader compiler UnityShaderCompiler.exe after 0.09 seconds
Refreshing native plugins compatible for Editor in 0.34 ms, found 0 plugins.
Preloading 0 native plugins for Editor in 0.00 ms.
Unloading 1192 Unused Serialized files (Serialized files now loaded: 0)
System memory in use before: 73.8 MB.
System memory in use after: 73.9 MB.

Unloading 10 unused Assets to reduce memory usage. Loaded Objects now: 1660.
Total: 2.220900 ms (FindLiveObjects: 0.185100 ms CreateObjectMapping: 0.046000 ms MarkObjects: 1.839200 ms  DeleteObjects: 0.149100 ms)

========================================================================
Received Import Request.
  path: Assets/Scipts/Buttons/MainMenuSettingButton.cs
  artifactKey: Guid(5e16780be263eac41a8033a0862aa29c) Importer(815301076,1909f56bfc062723c751e8b465ee728b)
Start importing Assets/Scipts/Buttons/MainMenuSettingButton.cs using Guid(5e16780be263eac41a8033a0862aa29c) Importer(815301076,1909f56bfc062723c751e8b465ee728b)  -> (artifact id: 'efde6015401fc739337dc5998246fe53') in 0.031377 seconds
  Import took 0.034836 seconds .

AssetImportWorkerClient::OnTransportError - code=2 error=End of file
